<?xml version="1.0" encoding="UTF-8"?>
<testng-results skipped="0" failed="0" ignored="0" total="3" passed="3">
  <reporter-output>
  </reporter-output>
  <suite name="Suite" duration-ms="14739" started-at="2021-08-28T09:12:51Z" finished-at="2021-08-28T09:13:06Z">
    <groups>
    </groups>
    <test name="Test" duration-ms="14739" started-at="2021-08-28T09:12:51Z" finished-at="2021-08-28T09:13:06Z">
      <class name="com.sdet.AppTest">
        <test-method status="PASS" signature="testlogin1()[pri:0, instance:com.sdet.AppTest@3c9d0b9d]" name="testlogin1" duration-ms="13" started-at="2021-08-28T09:13:06Z" finished-at="2021-08-28T09:13:06Z">
          <reporter-output>
          </reporter-output>
        </test-method> <!-- testlogin1 -->
        <test-method status="PASS" signature="testlogin2()[pri:0, instance:com.sdet.AppTest@3c9d0b9d]" name="testlogin2" duration-ms="2" started-at="2021-08-28T09:13:06Z" finished-at="2021-08-28T09:13:06Z">
          <reporter-output>
          </reporter-output>
        </test-method> <!-- testlogin2 -->
      </class> <!-- com.sdet.AppTest -->
      <class name="com.sdet.TC_Login">
        <test-method status="PASS" signature="login_Test()[pri:0, instance:com.sdet.TC_Login@6dbb137d]" name="login_Test" duration-ms="14602" started-at="2021-08-28T09:12:51Z" finished-at="2021-08-28T09:13:06Z">
          <reporter-output>
          </reporter-output>
        </test-method> <!-- login_Test -->
      </class> <!-- com.sdet.TC_Login -->
    </test> <!-- Test -->
  </suite> <!-- Suite -->
</testng-results>
